# Code Quality Report
# Generated: 2025-01-27T12:00:00Z
# Ticket: AWS-5

## Python Code Quality

### Lambda Handler (src/lambda-s3-lambda-trigger/lambda_handler.py)
- **Syntax Check**: PASSED
- **Type Hints**: Present for function parameters and return values
- **Error Handling**: Comprehensive try-catch with logging
- **Logging**: Structured logging with appropriate levels
- **Code Style**: Follows PEP 8 guidelines
- **Security**: Input validation and sanitization implemented

### Unit Tests (tests/s3-lambda-trigger/test_lambda_handler.py)
- **Syntax Check**: PASSED
- **Test Coverage**: 5 test cases covering success, edge cases, and error scenarios
- **Test Structure**: Well-organized with descriptive test names
- **Mocking**: Proper use of Mock objects for context

## Terraform Infrastructure Quality

### Configuration Validation
- **Format Check**: PASSED (terraform fmt)
- **Initialization**: PASSED (terraform init)
- **Validation**: PASSED (terraform validate)
- **Provider Version**: AWS provider ~> 5.0 (latest stable)
- **Terraform Version**: >= 1.1 (meets requirements)

### Security Best Practices
- **IAM Policies**: Least privilege principle applied
- **Resource Tagging**: All resources properly tagged
- **Encryption**: S3 versioning enabled
- **Logging**: CloudWatch logs configured with retention

## Overall Assessment
- **Status**: HIGH QUALITY
- **Security**: COMPLIANT
- **Best Practices**: FOLLOWED
- **Deployment Ready**: YES