# Python Code Quality Report - AWS-5

## Code Style Check
✅ **Status**: PASSED - Code follows PEP 8 standards
- Type hints used for function parameters and return values
- Descriptive variable and function names
- Proper docstring documentation
- Consistent indentation and formatting

## Security Best Practices
✅ **Status**: PASSED - Security practices implemented
- Input validation for S3 event records
- Proper error handling and logging
- No hardcoded credentials or sensitive data
- Structured logging with appropriate levels

## AWS Best Practices
✅ **Status**: PASSED - AWS Lambda best practices followed
- Proper Lambda handler signature
- CloudWatch logging configured
- Error handling with appropriate HTTP status codes
- JSON response format for API compatibility

## Summary
- All quality checks passed
- Code ready for deployment
- Follows AWS Lambda and Python best practices